<?xml version="1.0" encoding="UTF-8"?>
<!-- Generated by org.testng.reporters.JUnitXMLReporter -->
<testsuite ignored="0" hostname="gularas-air.lan" failures="0" tests="3" name="log in test" time="18.125" errors="0" timestamp="2022-02-17T21:52:31 PST">
  <testcase classname="com.nopcommerce.tests.LoginPageTest" name="verifyLoginPageNameTest" time="0.181"/>
  <testcase classname="com.nopcommerce.tests.LoginPageTest" name="verifyRegisterButtonStatus" time="0.247"/>
  <testcase classname="com.nopcommerce.tests.LoginPageTest" name="validateUserLoginTest" time="3.754"/>
</testsuite> <!-- log in test -->
