<?xml version="1.0" encoding="UTF-8"?>
<!-- Generated by org.testng.reporters.JUnitXMLReporter -->
<testsuite ignored="0" hostname="gularas-air.lan" failures="0" tests="3" name="search page test" time="17.468" errors="0" timestamp="2022-02-17T21:52:30 PST">
  <testcase classname="com.nopcommerce.tests.SearchPageTest" name="verifySearchpageNameTest" time="0.114"/>
  <testcase classname="com.nopcommerce.tests.SearchPageTest" name="verifymanufactureDropdownListTest" time="0.522"/>
  <testcase classname="com.nopcommerce.tests.SearchPageTest" name="validateCategoryListTest" time="0.419"/>
</testsuite> <!-- search page test -->
